[0.000000] (-) TimerEvent: {}
[0.001623] (-) JobUnselected: {'identifier': 'robot_description'}
[0.002089] (traffic_light_robot) JobQueued: {'identifier': 'traffic_light_robot', 'dependencies': OrderedDict()}
[0.002137] (traffic_light_robot) JobStarted: {'identifier': 'traffic_light_robot'}
[0.120228] (-) TimerEvent: {}
[0.226122] (-) TimerEvent: {}
[0.327184] (-) TimerEvent: {}
[0.429568] (-) TimerEvent: {}
[0.530532] (-) TimerEvent: {}
[0.634000] (-) TimerEvent: {}
[0.701373] (traffic_light_robot) StderrLine: {'line': b'Traceback (most recent call last):\n  File "/usr/lib/python3/dist-packages/colcon_parallel_executor/executor/parallel.py", line 75, in execute\n    loop.run_until_complete(future)\n  File "/usr/lib/python3.10/asyncio/base_events.py", line 636, in run_until_complete\n    self.run_forever()\n  File "/usr/lib/python3.10/asyncio/base_events.py", line 603, in run_forever\n    self._run_once()\n  File "/usr/lib/python3.10/asyncio/base_events.py", line 1871, in _run_once\n    event_list = self._selector.select(timeout)\n  File "/usr/lib/python3.10/selectors.py", line 469, in select\n    fd_event_list = self._selector.poll(timeout, max_ev)\nKeyboardInterrupt\n\nDuring handling of the above exception, another exception occurred:\n\nTraceback (most recent call last):\n  File "/usr/lib/python3/dist-packages/colcon_core/executor/__init__.py", line 91, in __call__\n    rc = await self.task(*args, **kwargs)\n  File "/usr/lib/python3/dist-packages/colcon_core/task/__init__.py", line 93, in __call__\n    return await task_method(*args, **kwargs)\n  File "/usr/lib/python3/dist-packages/colcon_ros/task/ament_python/build.py", line 102, in build\n    return await extension.build(additional_hooks=additional_hooks)\n  File "/usr/lib/python3/dist-packages/colcon_core/task/python/build.py", line 96, in build\n    available_commands = await self._get_available_commands(\n  File "/usr/lib/python3/dist-packages/colcon_core/task/python/build.py", line 194, in _get_available_commands\n    output = await check_output(\n  File "/usr/lib/python3/dist-packages/colcon_core/subprocess.py", line 129, in check_output\n    assert not rc, f\'Expected {args} to pass: {stderr_data}\'\nAssertionError: Expected [\'/usr/bin/python3\', \'-W\', \'ignore:setup.py install is deprecated\', \'-W\', \'ignore:easy_install command is deprecated\', \'setup.py\', \'--help-commands\'] to pass: Traceback (most recent call last):\n  File "/home/raspb/Desktop/TrafficSenseAI/src/traffic_light_robot/setup.py", line 1, in <module>\n    from setuptools import setup\n  File "/usr/lib/python3/dist-packages/setuptools/__init__.py", line 16, in <module>\n    import setuptools.version\n  File "/usr/lib/python3/dist-packages/setuptools/version.py", line 1, in <module>\n    import pkg_resources\n  File "/usr/lib/python3/dist-packages/pkg_resources/__init__.py", line 78, in <module>\n    __import__(\'pkg_resources.extern.packaging.requirements\')\n  File "/usr/lib/python3/dist-packages/pkg_resources/_vendor/packaging/requirements.py", line 10, in <module>\n    from pkg_resources.extern.pyparsing import (  # noqa\n  File "<frozen importlib._bootstrap>", line 1027, in _find_and_load\n  File "<frozen importlib._bootstrap>", line 1006, in _find_and_load_unlocked\n  File "<frozen importlib._bootstrap>", line 674, in _load_unlocked\n  File "<frozen importlib._bootstrap>", line 571, in module_from_spec\n  File "/usr/lib/python3/dist-packages/pkg_resources/extern/__init__.py", line 52, in create_module\n    return self.load_module(spec.name)\n  File "/usr/lib/python3/dist-packages/pkg_resources/extern/__init__.py", line 37, in load_module\n    __import__(extant)\n  File "/usr/lib/python3/dist-packages/pkg_resources/_vendor/pyparsing.py", line 5399, in <module>\n    class pyparsing_common:\n  File "/usr/lib/python3/dist-packages/pkg_resources/_vendor/pyparsing.py", line 5575, in pyparsing_common\n    identifier = Word(alphas+\'_\', alphanums+\'_\').setName("identifier")\n  File "/usr/lib/python3/dist-packages/pkg_resources/_vendor/pyparsing.py", line 2703, in __init__\n    self.re = re.compile( self.reString )\n  File "/usr/lib/python3.10/re.py", line 251, in compile\n    return _compile(pattern, flags)\n  File "/usr/lib/python3.10/re.py", line 303, in _compile\n    p = sre_compile.compile(pattern, flags)\n  File "/usr/lib/python3.10/sre_compile.py", line 788, in compile\n    p = sre_parse.parse(p, flags)\n  File "/usr/lib/python3.10/sre_parse.py", line 955, in parse\n    p = _parse_sub(source, state, flags & SRE_FLAG_VERBOSE, 0)\n  File "/usr/lib/python3.10/sre_parse.py", line 444, in _parse_sub\n    itemsappend(_parse(source, state, verbose, nested + 1,\n  File "/usr/lib/python3.10/sre_parse.py", line 548, in _parse\n    this = sourceget()\n  File "/usr/lib/python3.10/sre_parse.py", line 257, in get\n    self.__next()\nKeyboardInterrupt\n\n'}
[0.702002] (traffic_light_robot) JobEnded: {'identifier': 'traffic_light_robot', 'rc': 'SIGINT'}
[0.703954] (-) EventReactorShutdown: {}
